2023-06-15 16:02:19,818 INFO [http-nio-63110-exec-3][DirectJDKLog.java:173] - Initializing Spring DispatcherServlet 'dispatcherServlet'
2023-06-15 16:02:19,818 INFO [http-nio-63110-exec-3][DirectJDKLog.java:173] - Initializing Spring DispatcherServlet 'dispatcherServlet'
2023-06-15 16:02:19,834 INFO [http-nio-63110-exec-3][FrameworkServlet.java:525] - Initializing Servlet 'dispatcherServlet'
2023-06-15 16:02:19,834 INFO [http-nio-63110-exec-3][FrameworkServlet.java:525] - Initializing Servlet 'dispatcherServlet'
2023-06-15 16:02:19,842 INFO [http-nio-63110-exec-3][FrameworkServlet.java:547] - Completed initialization in 8 ms
2023-06-15 16:02:19,842 INFO [http-nio-63110-exec-3][FrameworkServlet.java:547] - Completed initialization in 8 ms
2023-06-15 16:02:20,047 DEBUG [http-nio-63110-exec-3][HikariConfig.java:1066] - HikariPool-1 - configuration:
2023-06-15 16:02:20,047 DEBUG [http-nio-63110-exec-3][HikariConfig.java:1066] - HikariPool-1 - configuration:
2023-06-15 16:02:20,051 DEBUG [http-nio-63110-exec-3][HikariConfig.java:1098] - allowPoolSuspension.............false
2023-06-15 16:02:20,051 DEBUG [http-nio-63110-exec-3][HikariConfig.java:1098] - allowPoolSuspension.............false
2023-06-15 16:02:20,051 DEBUG [http-nio-63110-exec-3][HikariConfig.java:1098] - autoCommit......................true
2023-06-15 16:02:20,051 DEBUG [http-nio-63110-exec-3][HikariConfig.java:1098] - autoCommit......................true
2023-06-15 16:02:20,052 DEBUG [http-nio-63110-exec-3][HikariConfig.java:1098] - catalog.........................none
2023-06-15 16:02:20,052 DEBUG [http-nio-63110-exec-3][HikariConfig.java:1098] - catalog.........................none
2023-06-15 16:02:20,052 DEBUG [http-nio-63110-exec-3][HikariConfig.java:1098] - connectionInitSql...............none
2023-06-15 16:02:20,052 DEBUG [http-nio-63110-exec-3][HikariConfig.java:1098] - connectionInitSql...............none
2023-06-15 16:02:20,053 DEBUG [http-nio-63110-exec-3][HikariConfig.java:1098] - connectionTestQuery.............none
2023-06-15 16:02:20,053 DEBUG [http-nio-63110-exec-3][HikariConfig.java:1098] - connectionTestQuery.............none
2023-06-15 16:02:20,053 DEBUG [http-nio-63110-exec-3][HikariConfig.java:1098] - connectionTimeout...............30000
2023-06-15 16:02:20,053 DEBUG [http-nio-63110-exec-3][HikariConfig.java:1098] - connectionTimeout...............30000
2023-06-15 16:02:20,054 DEBUG [http-nio-63110-exec-3][HikariConfig.java:1098] - dataSource......................none
2023-06-15 16:02:20,054 DEBUG [http-nio-63110-exec-3][HikariConfig.java:1098] - dataSource......................none
2023-06-15 16:02:20,054 DEBUG [http-nio-63110-exec-3][HikariConfig.java:1098] - dataSourceClassName.............none
2023-06-15 16:02:20,054 DEBUG [http-nio-63110-exec-3][HikariConfig.java:1098] - dataSourceClassName.............none
2023-06-15 16:02:20,055 DEBUG [http-nio-63110-exec-3][HikariConfig.java:1098] - dataSourceJNDI..................none
2023-06-15 16:02:20,055 DEBUG [http-nio-63110-exec-3][HikariConfig.java:1098] - dataSourceJNDI..................none
2023-06-15 16:02:20,056 DEBUG [http-nio-63110-exec-3][HikariConfig.java:1098] - dataSourceProperties............{password=<masked>}
2023-06-15 16:02:20,056 DEBUG [http-nio-63110-exec-3][HikariConfig.java:1098] - dataSourceProperties............{password=<masked>}
2023-06-15 16:02:20,056 DEBUG [http-nio-63110-exec-3][HikariConfig.java:1098] - driverClassName................."com.mysql.cj.jdbc.Driver"
2023-06-15 16:02:20,056 DEBUG [http-nio-63110-exec-3][HikariConfig.java:1098] - driverClassName................."com.mysql.cj.jdbc.Driver"
2023-06-15 16:02:20,057 DEBUG [http-nio-63110-exec-3][HikariConfig.java:1098] - exceptionOverrideClassName......none
2023-06-15 16:02:20,057 DEBUG [http-nio-63110-exec-3][HikariConfig.java:1098] - exceptionOverrideClassName......none
2023-06-15 16:02:20,057 DEBUG [http-nio-63110-exec-3][HikariConfig.java:1098] - healthCheckProperties...........{}
2023-06-15 16:02:20,057 DEBUG [http-nio-63110-exec-3][HikariConfig.java:1098] - healthCheckProperties...........{}
2023-06-15 16:02:20,058 DEBUG [http-nio-63110-exec-3][HikariConfig.java:1098] - healthCheckRegistry.............none
2023-06-15 16:02:20,058 DEBUG [http-nio-63110-exec-3][HikariConfig.java:1098] - healthCheckRegistry.............none
2023-06-15 16:02:20,058 DEBUG [http-nio-63110-exec-3][HikariConfig.java:1098] - idleTimeout.....................600000
2023-06-15 16:02:20,058 DEBUG [http-nio-63110-exec-3][HikariConfig.java:1098] - idleTimeout.....................600000
2023-06-15 16:02:20,059 DEBUG [http-nio-63110-exec-3][HikariConfig.java:1098] - initializationFailTimeout.......1
2023-06-15 16:02:20,059 DEBUG [http-nio-63110-exec-3][HikariConfig.java:1098] - initializationFailTimeout.......1
2023-06-15 16:02:20,060 DEBUG [http-nio-63110-exec-3][HikariConfig.java:1098] - isolateInternalQueries..........false
2023-06-15 16:02:20,060 DEBUG [http-nio-63110-exec-3][HikariConfig.java:1098] - isolateInternalQueries..........false
2023-06-15 16:02:20,061 DEBUG [http-nio-63110-exec-3][HikariConfig.java:1098] - jdbcUrl.........................jdbc:mysql://192.168.101.65:3306/xcplus_system?serverTimezone=UTC&userUnicode=true&useSSL=false&
2023-06-15 16:02:20,061 DEBUG [http-nio-63110-exec-3][HikariConfig.java:1098] - jdbcUrl.........................jdbc:mysql://192.168.101.65:3306/xcplus_system?serverTimezone=UTC&userUnicode=true&useSSL=false&
2023-06-15 16:02:20,061 DEBUG [http-nio-63110-exec-3][HikariConfig.java:1098] - leakDetectionThreshold..........0
2023-06-15 16:02:20,061 DEBUG [http-nio-63110-exec-3][HikariConfig.java:1098] - leakDetectionThreshold..........0
2023-06-15 16:02:20,062 DEBUG [http-nio-63110-exec-3][HikariConfig.java:1098] - maxLifetime.....................1800000
2023-06-15 16:02:20,062 DEBUG [http-nio-63110-exec-3][HikariConfig.java:1098] - maxLifetime.....................1800000
2023-06-15 16:02:20,062 DEBUG [http-nio-63110-exec-3][HikariConfig.java:1098] - maximumPoolSize.................10
2023-06-15 16:02:20,062 DEBUG [http-nio-63110-exec-3][HikariConfig.java:1098] - maximumPoolSize.................10
2023-06-15 16:02:20,063 DEBUG [http-nio-63110-exec-3][HikariConfig.java:1098] - metricRegistry..................none
2023-06-15 16:02:20,063 DEBUG [http-nio-63110-exec-3][HikariConfig.java:1098] - metricRegistry..................none
2023-06-15 16:02:20,063 DEBUG [http-nio-63110-exec-3][HikariConfig.java:1098] - metricsTrackerFactory...........none
2023-06-15 16:02:20,063 DEBUG [http-nio-63110-exec-3][HikariConfig.java:1098] - metricsTrackerFactory...........none
2023-06-15 16:02:20,063 DEBUG [http-nio-63110-exec-3][HikariConfig.java:1098] - minimumIdle.....................10
2023-06-15 16:02:20,063 DEBUG [http-nio-63110-exec-3][HikariConfig.java:1098] - minimumIdle.....................10
2023-06-15 16:02:20,063 DEBUG [http-nio-63110-exec-3][HikariConfig.java:1098] - password........................<masked>
2023-06-15 16:02:20,063 DEBUG [http-nio-63110-exec-3][HikariConfig.java:1098] - password........................<masked>
2023-06-15 16:02:20,064 DEBUG [http-nio-63110-exec-3][HikariConfig.java:1098] - poolName........................"HikariPool-1"
2023-06-15 16:02:20,064 DEBUG [http-nio-63110-exec-3][HikariConfig.java:1098] - poolName........................"HikariPool-1"
2023-06-15 16:02:20,064 DEBUG [http-nio-63110-exec-3][HikariConfig.java:1098] - readOnly........................false
2023-06-15 16:02:20,064 DEBUG [http-nio-63110-exec-3][HikariConfig.java:1098] - readOnly........................false
2023-06-15 16:02:20,064 DEBUG [http-nio-63110-exec-3][HikariConfig.java:1098] - registerMbeans..................false
2023-06-15 16:02:20,064 DEBUG [http-nio-63110-exec-3][HikariConfig.java:1098] - registerMbeans..................false
2023-06-15 16:02:20,065 DEBUG [http-nio-63110-exec-3][HikariConfig.java:1098] - scheduledExecutor...............none
2023-06-15 16:02:20,065 DEBUG [http-nio-63110-exec-3][HikariConfig.java:1098] - scheduledExecutor...............none
2023-06-15 16:02:20,065 DEBUG [http-nio-63110-exec-3][HikariConfig.java:1098] - schema..........................none
2023-06-15 16:02:20,065 DEBUG [http-nio-63110-exec-3][HikariConfig.java:1098] - schema..........................none
2023-06-15 16:02:20,065 DEBUG [http-nio-63110-exec-3][HikariConfig.java:1098] - threadFactory...................internal
2023-06-15 16:02:20,065 DEBUG [http-nio-63110-exec-3][HikariConfig.java:1098] - threadFactory...................internal
2023-06-15 16:02:20,066 DEBUG [http-nio-63110-exec-3][HikariConfig.java:1098] - transactionIsolation............default
2023-06-15 16:02:20,066 DEBUG [http-nio-63110-exec-3][HikariConfig.java:1098] - transactionIsolation............default
2023-06-15 16:02:20,066 DEBUG [http-nio-63110-exec-3][HikariConfig.java:1098] - username........................"root"
2023-06-15 16:02:20,066 DEBUG [http-nio-63110-exec-3][HikariConfig.java:1098] - username........................"root"
2023-06-15 16:02:20,067 DEBUG [http-nio-63110-exec-3][HikariConfig.java:1098] - validationTimeout...............5000
2023-06-15 16:02:20,067 DEBUG [http-nio-63110-exec-3][HikariConfig.java:1098] - validationTimeout...............5000
2023-06-15 16:02:20,067 INFO [http-nio-63110-exec-3][HikariDataSource.java:110] - HikariPool-1 - Starting...
2023-06-15 16:02:20,067 INFO [http-nio-63110-exec-3][HikariDataSource.java:110] - HikariPool-1 - Starting...
2023-06-15 16:02:20,307 DEBUG [http-nio-63110-exec-3][HikariPool.java:564] - HikariPool-1 - Added connection com.mysql.cj.jdbc.ConnectionImpl@675db9eb
2023-06-15 16:02:20,307 DEBUG [http-nio-63110-exec-3][HikariPool.java:564] - HikariPool-1 - Added connection com.mysql.cj.jdbc.ConnectionImpl@675db9eb
2023-06-15 16:02:20,311 INFO [http-nio-63110-exec-3][HikariDataSource.java:123] - HikariPool-1 - Start completed.
2023-06-15 16:02:20,311 INFO [http-nio-63110-exec-3][HikariDataSource.java:123] - HikariPool-1 - Start completed.
2023-06-15 16:02:20,320 DEBUG [http-nio-63110-exec-3][BaseJdbcLogger.java:137] - ==>  Preparing: SELECT id,name,code,item_values FROM dictionary
2023-06-15 16:02:20,320 DEBUG [http-nio-63110-exec-3][BaseJdbcLogger.java:137] - ==>  Preparing: SELECT id,name,code,item_values FROM dictionary
2023-06-15 16:02:20,348 DEBUG [http-nio-63110-exec-3][BaseJdbcLogger.java:137] - ==> Parameters: 
2023-06-15 16:02:20,348 DEBUG [http-nio-63110-exec-3][BaseJdbcLogger.java:137] - ==> Parameters: 
2023-06-15 16:02:20,407 DEBUG [http-nio-63110-exec-3][BaseJdbcLogger.java:137] - <==      Total: 17
2023-06-15 16:02:20,407 DEBUG [http-nio-63110-exec-3][BaseJdbcLogger.java:137] - <==      Total: 17
2023-06-15 16:02:20,425 DEBUG [HikariPool-1 housekeeper][HikariPool.java:421] - HikariPool-1 - Pool stats (total=1, active=0, idle=1, waiting=0)
2023-06-15 16:02:20,425 DEBUG [HikariPool-1 housekeeper][HikariPool.java:421] - HikariPool-1 - Pool stats (total=1, active=0, idle=1, waiting=0)
2023-06-15 16:02:20,435 DEBUG [HikariPool-1 connection adder][HikariPool.java:728] - HikariPool-1 - Added connection com.mysql.cj.jdbc.ConnectionImpl@5964936c
2023-06-15 16:02:20,435 DEBUG [HikariPool-1 connection adder][HikariPool.java:728] - HikariPool-1 - Added connection com.mysql.cj.jdbc.ConnectionImpl@5964936c
2023-06-15 16:02:20,451 DEBUG [HikariPool-1 connection adder][HikariPool.java:728] - HikariPool-1 - Added connection com.mysql.cj.jdbc.ConnectionImpl@18599957
2023-06-15 16:02:20,451 DEBUG [HikariPool-1 connection adder][HikariPool.java:728] - HikariPool-1 - Added connection com.mysql.cj.jdbc.ConnectionImpl@18599957
2023-06-15 16:02:20,459 DEBUG [HikariPool-1 connection adder][HikariPool.java:728] - HikariPool-1 - Added connection com.mysql.cj.jdbc.ConnectionImpl@290ba78d
2023-06-15 16:02:20,459 DEBUG [HikariPool-1 connection adder][HikariPool.java:728] - HikariPool-1 - Added connection com.mysql.cj.jdbc.ConnectionImpl@290ba78d
2023-06-15 16:02:20,468 DEBUG [HikariPool-1 connection adder][HikariPool.java:728] - HikariPool-1 - Added connection com.mysql.cj.jdbc.ConnectionImpl@78766618
2023-06-15 16:02:20,468 DEBUG [HikariPool-1 connection adder][HikariPool.java:728] - HikariPool-1 - Added connection com.mysql.cj.jdbc.ConnectionImpl@78766618
2023-06-15 16:02:20,480 DEBUG [HikariPool-1 connection adder][HikariPool.java:728] - HikariPool-1 - Added connection com.mysql.cj.jdbc.ConnectionImpl@15292143
2023-06-15 16:02:20,480 DEBUG [HikariPool-1 connection adder][HikariPool.java:728] - HikariPool-1 - Added connection com.mysql.cj.jdbc.ConnectionImpl@15292143
2023-06-15 16:02:20,491 DEBUG [HikariPool-1 connection adder][HikariPool.java:728] - HikariPool-1 - Added connection com.mysql.cj.jdbc.ConnectionImpl@7c38fac7
2023-06-15 16:02:20,491 DEBUG [HikariPool-1 connection adder][HikariPool.java:728] - HikariPool-1 - Added connection com.mysql.cj.jdbc.ConnectionImpl@7c38fac7
2023-06-15 16:02:20,504 DEBUG [HikariPool-1 connection adder][HikariPool.java:728] - HikariPool-1 - Added connection com.mysql.cj.jdbc.ConnectionImpl@8fdb7d7
2023-06-15 16:02:20,504 DEBUG [HikariPool-1 connection adder][HikariPool.java:728] - HikariPool-1 - Added connection com.mysql.cj.jdbc.ConnectionImpl@8fdb7d7
2023-06-15 16:02:20,533 DEBUG [HikariPool-1 connection adder][HikariPool.java:728] - HikariPool-1 - Added connection com.mysql.cj.jdbc.ConnectionImpl@1cd1113a
2023-06-15 16:02:20,533 DEBUG [HikariPool-1 connection adder][HikariPool.java:728] - HikariPool-1 - Added connection com.mysql.cj.jdbc.ConnectionImpl@1cd1113a
2023-06-15 16:02:20,575 DEBUG [HikariPool-1 connection adder][HikariPool.java:728] - HikariPool-1 - Added connection com.mysql.cj.jdbc.ConnectionImpl@724d2d9f
2023-06-15 16:02:20,575 DEBUG [HikariPool-1 connection adder][HikariPool.java:728] - HikariPool-1 - Added connection com.mysql.cj.jdbc.ConnectionImpl@724d2d9f
2023-06-15 16:02:20,575 DEBUG [HikariPool-1 connection adder][HikariPool.java:421] - HikariPool-1 - After adding stats (total=10, active=0, idle=10, waiting=0)
2023-06-15 16:02:20,575 DEBUG [HikariPool-1 connection adder][HikariPool.java:421] - HikariPool-1 - After adding stats (total=10, active=0, idle=10, waiting=0)
